Analysis & Synthesis report for sigmoid_taylor
Mon Apr 26 15:38:47 2021
Quartus Prime Version 20.1.1 Build 720 11/11/2020 SJ Lite Edition


---------------------
; Table of Contents ;
---------------------
  1. Legal Notice
  2. Analysis & Synthesis Summary
  3. Analysis & Synthesis Settings
  4. Parallel Compilation
  5. Analysis & Synthesis Source Files Read
  6. Analysis & Synthesis Resource Usage Summary
  7. Analysis & Synthesis Resource Utilization by Entity
  8. User-Specified and Inferred Latches
  9. General Register Statistics
 10. Multiplexer Restructuring Statistics (Restructuring Performed)
 11. Parameter Settings for Inferred Entity Instance: lpm_mult:Mult0
 12. lpm_mult Parameter Settings by Entity Instance
 13. Post-Synthesis Netlist Statistics for Top Partition
 14. Elapsed Time Per Partition
 15. Analysis & Synthesis Messages



----------------
; Legal Notice ;
----------------
Copyright (C) 2020  Intel Corporation. All rights reserved.
Your use of Intel Corporation's design tools, logic functions 
and other software and tools, and any partner logic 
functions, and any output files from any of the foregoing 
(including device programming or simulation files), and any 
associated documentation or information are expressly subject 
to the terms and conditions of the Intel Program License 
Subscription Agreement, the Intel Quartus Prime License Agreement,
the Intel FPGA IP License Agreement, or other applicable license
agreement, including, without limitation, that your use is for
the sole purpose of programming logic devices manufactured by
Intel and sold by Intel or its authorized distributors.  Please
refer to the applicable agreement for further details, at
https://fpgasoftware.intel.com/eula.



+----------------------------------------------------------------------------------+
; Analysis & Synthesis Summary                                                     ;
+------------------------------------+---------------------------------------------+
; Analysis & Synthesis Status        ; Successful - Mon Apr 26 15:38:47 2021       ;
; Quartus Prime Version              ; 20.1.1 Build 720 11/11/2020 SJ Lite Edition ;
; Revision Name                      ; sigmoid_taylor                              ;
; Top-level Entity Name              ; sigmoid_taylor                              ;
; Family                             ; Cyclone IV E                                ;
; Total logic elements               ; 135                                         ;
;     Total combinational functions  ; 135                                         ;
;     Dedicated logic registers      ; 12                                          ;
; Total registers                    ; 12                                          ;
; Total pins                         ; 25                                          ;
; Total virtual pins                 ; 0                                           ;
; Total memory bits                  ; 0                                           ;
; Embedded Multiplier 9-bit elements ; 0                                           ;
; Total PLLs                         ; 0                                           ;
+------------------------------------+---------------------------------------------+


+------------------------------------------------------------------------------------------------------------+
; Analysis & Synthesis Settings                                                                              ;
+------------------------------------------------------------------+--------------------+--------------------+
; Option                                                           ; Setting            ; Default Value      ;
+------------------------------------------------------------------+--------------------+--------------------+
; Top-level entity name                                            ; sigmoid_taylor     ; sigmoid_taylor     ;
; Family name                                                      ; Cyclone IV E       ; Cyclone V          ;
; Use smart compilation                                            ; Off                ; Off                ;
; Enable parallel Assembler and Timing Analyzer during compilation ; On                 ; On                 ;
; Enable compact report table                                      ; Off                ; Off                ;
; Restructure Multiplexers                                         ; Auto               ; Auto               ;
; Create Debugging Nodes for IP Cores                              ; Off                ; Off                ;
; Preserve fewer node names                                        ; On                 ; On                 ;
; Intel FPGA IP Evaluation Mode                                    ; Enable             ; Enable             ;
; Verilog Version                                                  ; Verilog_2001       ; Verilog_2001       ;
; VHDL Version                                                     ; VHDL_1993          ; VHDL_1993          ;
; State Machine Processing                                         ; Auto               ; Auto               ;
; Safe State Machine                                               ; Off                ; Off                ;
; Extract Verilog State Machines                                   ; On                 ; On                 ;
; Extract VHDL State Machines                                      ; On                 ; On                 ;
; Ignore Verilog initial constructs                                ; Off                ; Off                ;
; Iteration limit for constant Verilog loops                       ; 5000               ; 5000               ;
; Iteration limit for non-constant Verilog loops                   ; 250                ; 250                ;
; Add Pass-Through Logic to Inferred RAMs                          ; On                 ; On                 ;
; Infer RAMs from Raw Logic                                        ; On                 ; On                 ;
; Parallel Synthesis                                               ; On                 ; On                 ;
; DSP Block Balancing                                              ; Auto               ; Auto               ;
; NOT Gate Push-Back                                               ; On                 ; On                 ;
; Power-Up Don't Care                                              ; On                 ; On                 ;
; Remove Redundant Logic Cells                                     ; Off                ; Off                ;
; Remove Duplicate Registers                                       ; On                 ; On                 ;
; Ignore CARRY Buffers                                             ; Off                ; Off                ;
; Ignore CASCADE Buffers                                           ; Off                ; Off                ;
; Ignore GLOBAL Buffers                                            ; Off                ; Off                ;
; Ignore ROW GLOBAL Buffers                                        ; Off                ; Off                ;
; Ignore LCELL Buffers                                             ; Off                ; Off                ;
; Ignore SOFT Buffers                                              ; On                 ; On                 ;
; Limit AHDL Integers to 32 Bits                                   ; Off                ; Off                ;
; Optimization Technique                                           ; Balanced           ; Balanced           ;
; Carry Chain Length                                               ; 70                 ; 70                 ;
; Auto Carry Chains                                                ; On                 ; On                 ;
; Auto Open-Drain Pins                                             ; On                 ; On                 ;
; Perform WYSIWYG Primitive Resynthesis                            ; Off                ; Off                ;
; Auto ROM Replacement                                             ; On                 ; On                 ;
; Auto RAM Replacement                                             ; On                 ; On                 ;
; Auto DSP Block Replacement                                       ; On                 ; On                 ;
; Auto Shift Register Replacement                                  ; Auto               ; Auto               ;
; Allow Shift Register Merging across Hierarchies                  ; Auto               ; Auto               ;
; Auto Clock Enable Replacement                                    ; On                 ; On                 ;
; Strict RAM Replacement                                           ; Off                ; Off                ;
; Allow Synchronous Control Signals                                ; On                 ; On                 ;
; Force Use of Synchronous Clear Signals                           ; Off                ; Off                ;
; Auto RAM Block Balancing                                         ; On                 ; On                 ;
; Auto RAM to Logic Cell Conversion                                ; Off                ; Off                ;
; Auto Resource Sharing                                            ; Off                ; Off                ;
; Allow Any RAM Size For Recognition                               ; Off                ; Off                ;
; Allow Any ROM Size For Recognition                               ; Off                ; Off                ;
; Allow Any Shift Register Size For Recognition                    ; Off                ; Off                ;
; Use LogicLock Constraints during Resource Balancing              ; On                 ; On                 ;
; Ignore translate_off and synthesis_off directives                ; Off                ; Off                ;
; Timing-Driven Synthesis                                          ; On                 ; On                 ;
; Report Parameter Settings                                        ; On                 ; On                 ;
; Report Source Assignments                                        ; On                 ; On                 ;
; Report Connectivity Checks                                       ; On                 ; On                 ;
; Ignore Maximum Fan-Out Assignments                               ; Off                ; Off                ;
; Synchronization Register Chain Length                            ; 2                  ; 2                  ;
; Power Optimization During Synthesis                              ; Normal compilation ; Normal compilation ;
; HDL message level                                                ; Level2             ; Level2             ;
; Suppress Register Optimization Related Messages                  ; Off                ; Off                ;
; Number of Removed Registers Reported in Synthesis Report         ; 5000               ; 5000               ;
; Number of Swept Nodes Reported in Synthesis Report               ; 5000               ; 5000               ;
; Number of Inverted Registers Reported in Synthesis Report        ; 100                ; 100                ;
; Clock MUX Protection                                             ; On                 ; On                 ;
; Auto Gated Clock Conversion                                      ; Off                ; Off                ;
; Block Design Naming                                              ; Auto               ; Auto               ;
; SDC constraint protection                                        ; Off                ; Off                ;
; Synthesis Effort                                                 ; Auto               ; Auto               ;
; Shift Register Replacement - Allow Asynchronous Clear Signal     ; On                 ; On                 ;
; Pre-Mapping Resynthesis Optimization                             ; Off                ; Off                ;
; Analysis & Synthesis Message Level                               ; Medium             ; Medium             ;
; Disable Register Merging Across Hierarchies                      ; Auto               ; Auto               ;
; Resource Aware Inference For Block RAM                           ; On                 ; On                 ;
+------------------------------------------------------------------+--------------------+--------------------+


+------------------------------------------+
; Parallel Compilation                     ;
+----------------------------+-------------+
; Processors                 ; Number      ;
+----------------------------+-------------+
; Number detected on machine ; 8           ;
; Maximum allowed            ; 4           ;
;                            ;             ;
; Average used               ; 1.00        ;
; Maximum used               ; 1           ;
;                            ;             ;
; Usage by Processor         ; % Time Used ;
;     Processor 1            ; 100.0%      ;
+----------------------------+-------------+


+----------------------------------------------------------------------------------------------------------------------------------------------------------------------------------------+
; Analysis & Synthesis Source Files Read                                                                                                                                                 ;
+----------------------------------+-----------------+------------------------------+------------------------------------------------------------------------------------------+---------+
; File Name with User-Entered Path ; Used in Netlist ; File Type                    ; File Name with Absolute Path                                                             ; Library ;
+----------------------------------+-----------------+------------------------------+------------------------------------------------------------------------------------------+---------+
; ../hdl/sigmoid_taylor.sv         ; yes             ; User SystemVerilog HDL File  ; /home/daniel/Documents/GitHub/sigmoid_taylor/hdl/sigmoid_taylor.sv                       ;         ;
; lpm_mult.tdf                     ; yes             ; Megafunction                 ; /home/daniel/intelFPGA_lite/20.1/quartus/libraries/megafunctions/lpm_mult.tdf            ;         ;
; aglobal201.inc                   ; yes             ; Megafunction                 ; /home/daniel/intelFPGA_lite/20.1/quartus/libraries/megafunctions/aglobal201.inc          ;         ;
; lpm_add_sub.inc                  ; yes             ; Megafunction                 ; /home/daniel/intelFPGA_lite/20.1/quartus/libraries/megafunctions/lpm_add_sub.inc         ;         ;
; multcore.inc                     ; yes             ; Megafunction                 ; /home/daniel/intelFPGA_lite/20.1/quartus/libraries/megafunctions/multcore.inc            ;         ;
; bypassff.inc                     ; yes             ; Megafunction                 ; /home/daniel/intelFPGA_lite/20.1/quartus/libraries/megafunctions/bypassff.inc            ;         ;
; altshift.inc                     ; yes             ; Megafunction                 ; /home/daniel/intelFPGA_lite/20.1/quartus/libraries/megafunctions/altshift.inc            ;         ;
; multcore.tdf                     ; yes             ; Megafunction                 ; /home/daniel/intelFPGA_lite/20.1/quartus/libraries/megafunctions/multcore.tdf            ;         ;
; csa_add.inc                      ; yes             ; Megafunction                 ; /home/daniel/intelFPGA_lite/20.1/quartus/libraries/megafunctions/csa_add.inc             ;         ;
; mpar_add.inc                     ; yes             ; Megafunction                 ; /home/daniel/intelFPGA_lite/20.1/quartus/libraries/megafunctions/mpar_add.inc            ;         ;
; muleabz.inc                      ; yes             ; Megafunction                 ; /home/daniel/intelFPGA_lite/20.1/quartus/libraries/megafunctions/muleabz.inc             ;         ;
; mul_lfrg.inc                     ; yes             ; Megafunction                 ; /home/daniel/intelFPGA_lite/20.1/quartus/libraries/megafunctions/mul_lfrg.inc            ;         ;
; mul_boothc.inc                   ; yes             ; Megafunction                 ; /home/daniel/intelFPGA_lite/20.1/quartus/libraries/megafunctions/mul_boothc.inc          ;         ;
; alt_ded_mult.inc                 ; yes             ; Megafunction                 ; /home/daniel/intelFPGA_lite/20.1/quartus/libraries/megafunctions/alt_ded_mult.inc        ;         ;
; alt_ded_mult_y.inc               ; yes             ; Megafunction                 ; /home/daniel/intelFPGA_lite/20.1/quartus/libraries/megafunctions/alt_ded_mult_y.inc      ;         ;
; dffpipe.inc                      ; yes             ; Megafunction                 ; /home/daniel/intelFPGA_lite/20.1/quartus/libraries/megafunctions/dffpipe.inc             ;         ;
; mpar_add.tdf                     ; yes             ; Megafunction                 ; /home/daniel/intelFPGA_lite/20.1/quartus/libraries/megafunctions/mpar_add.tdf            ;         ;
; lpm_add_sub.tdf                  ; yes             ; Megafunction                 ; /home/daniel/intelFPGA_lite/20.1/quartus/libraries/megafunctions/lpm_add_sub.tdf         ;         ;
; addcore.inc                      ; yes             ; Megafunction                 ; /home/daniel/intelFPGA_lite/20.1/quartus/libraries/megafunctions/addcore.inc             ;         ;
; look_add.inc                     ; yes             ; Megafunction                 ; /home/daniel/intelFPGA_lite/20.1/quartus/libraries/megafunctions/look_add.inc            ;         ;
; alt_stratix_add_sub.inc          ; yes             ; Megafunction                 ; /home/daniel/intelFPGA_lite/20.1/quartus/libraries/megafunctions/alt_stratix_add_sub.inc ;         ;
; db/add_sub_afh.tdf               ; yes             ; Auto-Generated Megafunction  ; /home/daniel/Documents/GitHub/sigmoid_taylor/synthesis/db/add_sub_afh.tdf                ;         ;
; db/add_sub_lgh.tdf               ; yes             ; Auto-Generated Megafunction  ; /home/daniel/Documents/GitHub/sigmoid_taylor/synthesis/db/add_sub_lgh.tdf                ;         ;
; altshift.tdf                     ; yes             ; Megafunction                 ; /home/daniel/intelFPGA_lite/20.1/quartus/libraries/megafunctions/altshift.tdf            ;         ;
+----------------------------------+-----------------+------------------------------+------------------------------------------------------------------------------------------+---------+


+-----------------------------------------------------------+
; Analysis & Synthesis Resource Usage Summary               ;
+---------------------------------------------+-------------+
; Resource                                    ; Usage       ;
+---------------------------------------------+-------------+
; Estimated Total logic elements              ; 135         ;
;                                             ;             ;
; Total combinational functions               ; 135         ;
; Logic element usage by number of LUT inputs ;             ;
;     -- 4 input functions                    ; 37          ;
;     -- 3 input functions                    ; 66          ;
;     -- <=2 input functions                  ; 32          ;
;                                             ;             ;
; Logic elements by mode                      ;             ;
;     -- normal mode                          ; 85          ;
;     -- arithmetic mode                      ; 50          ;
;                                             ;             ;
; Total registers                             ; 12          ;
;     -- Dedicated logic registers            ; 12          ;
;     -- I/O registers                        ; 0           ;
;                                             ;             ;
; I/O pins                                    ; 25          ;
;                                             ;             ;
; Embedded Multiplier 9-bit elements          ; 0           ;
;                                             ;             ;
; Maximum fan-out node                        ; x[11]~input ;
; Maximum fan-out                             ; 25          ;
; Total fan-out                               ; 468         ;
; Average fan-out                             ; 2.38        ;
+---------------------------------------------+-------------+


+----------------------------------------------------------------------------------------------------------------------------------------------------------------------------------------------------------------------------------------------------------------------------------------------------------------------------------------------------+
; Analysis & Synthesis Resource Utilization by Entity                                                                                                                                                                                                                                                                                                ;
+------------------------------------------------+---------------------+---------------------------+-------------+--------------+---------+-----------+------+--------------+----------------------------------------------------------------------------------------------------------------------------------------+----------------+--------------+
; Compilation Hierarchy Node                     ; Combinational ALUTs ; Dedicated Logic Registers ; Memory Bits ; DSP Elements ; DSP 9x9 ; DSP 18x18 ; Pins ; Virtual Pins ; Full Hierarchy Name                                                                                                                    ; Entity Name    ; Library Name ;
+------------------------------------------------+---------------------+---------------------------+-------------+--------------+---------+-----------+------+--------------+----------------------------------------------------------------------------------------------------------------------------------------+----------------+--------------+
; |sigmoid_taylor                                ; 135 (107)           ; 12 (12)                   ; 0           ; 0            ; 0       ; 0         ; 25   ; 0            ; |sigmoid_taylor                                                                                                                        ; sigmoid_taylor ; work         ;
;    |lpm_mult:Mult0|                            ; 28 (0)              ; 0 (0)                     ; 0           ; 0            ; 0       ; 0         ; 0    ; 0            ; |sigmoid_taylor|lpm_mult:Mult0                                                                                                         ; lpm_mult       ; work         ;
;       |multcore:mult_core|                     ; 28 (16)             ; 0 (0)                     ; 0           ; 0            ; 0       ; 0         ; 0    ; 0            ; |sigmoid_taylor|lpm_mult:Mult0|multcore:mult_core                                                                                      ; multcore       ; work         ;
;          |mpar_add:padder|                     ; 12 (0)              ; 0 (0)                     ; 0           ; 0            ; 0       ; 0         ; 0    ; 0            ; |sigmoid_taylor|lpm_mult:Mult0|multcore:mult_core|mpar_add:padder                                                                      ; mpar_add       ; work         ;
;             |lpm_add_sub:adder[0]|             ; 8 (0)               ; 0 (0)                     ; 0           ; 0            ; 0       ; 0         ; 0    ; 0            ; |sigmoid_taylor|lpm_mult:Mult0|multcore:mult_core|mpar_add:padder|lpm_add_sub:adder[0]                                                 ; lpm_add_sub    ; work         ;
;                |add_sub_afh:auto_generated|    ; 8 (8)               ; 0 (0)                     ; 0           ; 0            ; 0       ; 0         ; 0    ; 0            ; |sigmoid_taylor|lpm_mult:Mult0|multcore:mult_core|mpar_add:padder|lpm_add_sub:adder[0]|add_sub_afh:auto_generated                      ; add_sub_afh    ; work         ;
;             |mpar_add:sub_par_add|             ; 4 (0)               ; 0 (0)                     ; 0           ; 0            ; 0       ; 0         ; 0    ; 0            ; |sigmoid_taylor|lpm_mult:Mult0|multcore:mult_core|mpar_add:padder|mpar_add:sub_par_add                                                 ; mpar_add       ; work         ;
;                |lpm_add_sub:adder[0]|          ; 4 (0)               ; 0 (0)                     ; 0           ; 0            ; 0       ; 0         ; 0    ; 0            ; |sigmoid_taylor|lpm_mult:Mult0|multcore:mult_core|mpar_add:padder|mpar_add:sub_par_add|lpm_add_sub:adder[0]                            ; lpm_add_sub    ; work         ;
;                   |add_sub_lgh:auto_generated| ; 4 (4)               ; 0 (0)                     ; 0           ; 0            ; 0       ; 0         ; 0    ; 0            ; |sigmoid_taylor|lpm_mult:Mult0|multcore:mult_core|mpar_add:padder|mpar_add:sub_par_add|lpm_add_sub:adder[0]|add_sub_lgh:auto_generated ; add_sub_lgh    ; work         ;
+------------------------------------------------+---------------------+---------------------------+-------------+--------------+---------+-----------+------+--------------+----------------------------------------------------------------------------------------------------------------------------------------+----------------+--------------+
Note: For table entries with two numbers listed, the numbers in parentheses indicate the number of resources of the given type used by the specific entity alone. The numbers listed outside of parentheses indicate the total resources of the given type used by the specific entity and all of its sub-entities in the hierarchy.


+----------------------------------------------------------------------------------------------------+
; User-Specified and Inferred Latches                                                                ;
+-----------------------------------------------------+---------------------+------------------------+
; Latch Name                                          ; Latch Enable Signal ; Free of Timing Hazards ;
+-----------------------------------------------------+---------------------+------------------------+
; W[0]                                                ; W[11]               ; yes                    ;
; V[0]                                                ; W[11]               ; yes                    ;
; W[1]                                                ; W[11]               ; yes                    ;
; V[1]                                                ; W[11]               ; yes                    ;
; W[2]                                                ; W[11]               ; yes                    ;
; V[2]                                                ; W[11]               ; yes                    ;
; W[3]                                                ; W[11]               ; yes                    ;
; V[3]                                                ; W[11]               ; yes                    ;
; W[4]                                                ; W[11]               ; yes                    ;
; V[4]                                                ; W[11]               ; yes                    ;
; W[5]                                                ; W[11]               ; yes                    ;
; V[5]                                                ; W[11]               ; yes                    ;
; V[6]                                                ; W[11]               ; yes                    ;
; V[7]                                                ; W[11]               ; yes                    ;
; Number of user-specified and inferred latches = 14  ;                     ;                        ;
+-----------------------------------------------------+---------------------+------------------------+
Note: All latches listed above may not be present at the end of synthesis due to various synthesis optimizations.


+------------------------------------------------------+
; General Register Statistics                          ;
+----------------------------------------------+-------+
; Statistic                                    ; Value ;
+----------------------------------------------+-------+
; Total registers                              ; 12    ;
; Number of registers using Synchronous Clear  ; 0     ;
; Number of registers using Synchronous Load   ; 0     ;
; Number of registers using Asynchronous Clear ; 0     ;
; Number of registers using Asynchronous Load  ; 0     ;
; Number of registers using Clock Enable       ; 0     ;
; Number of registers using Preset             ; 0     ;
+----------------------------------------------+-------+


+------------------------------------------------------------------------------------------------------------------------------------------+
; Multiplexer Restructuring Statistics (Restructuring Performed)                                                                           ;
+--------------------+-----------+---------------+----------------------+------------------------+------------+----------------------------+
; Multiplexer Inputs ; Bus Width ; Baseline Area ; Area if Restructured ; Saving if Restructured ; Registered ; Example Multiplexer Output ;
+--------------------+-----------+---------------+----------------------+------------------------+------------+----------------------------+
; 5:1                ; 5 bits    ; 15 LEs        ; 5 LEs                ; 10 LEs                 ; No         ; |sigmoid_taylor|V[3]       ;
+--------------------+-----------+---------------+----------------------+------------------------+------------+----------------------------+


+-------------------------------------------------------------------------------------+
; Parameter Settings for Inferred Entity Instance: lpm_mult:Mult0                     ;
+------------------------------------------------+--------------+---------------------+
; Parameter Name                                 ; Value        ; Type                ;
+------------------------------------------------+--------------+---------------------+
; AUTO_CARRY_CHAINS                              ; ON           ; AUTO_CARRY          ;
; IGNORE_CARRY_BUFFERS                           ; OFF          ; IGNORE_CARRY        ;
; AUTO_CASCADE_CHAINS                            ; ON           ; AUTO_CASCADE        ;
; IGNORE_CASCADE_BUFFERS                         ; OFF          ; IGNORE_CASCADE      ;
; LPM_WIDTHA                                     ; 11           ; Untyped             ;
; LPM_WIDTHB                                     ; 4            ; Untyped             ;
; LPM_WIDTHP                                     ; 15           ; Untyped             ;
; LPM_WIDTHR                                     ; 15           ; Untyped             ;
; LPM_WIDTHS                                     ; 1            ; Untyped             ;
; LPM_REPRESENTATION                             ; UNSIGNED     ; Untyped             ;
; LPM_PIPELINE                                   ; 0            ; Untyped             ;
; LATENCY                                        ; 0            ; Untyped             ;
; INPUT_A_IS_CONSTANT                            ; NO           ; Untyped             ;
; INPUT_B_IS_CONSTANT                            ; YES          ; Untyped             ;
; USE_EAB                                        ; OFF          ; Untyped             ;
; MAXIMIZE_SPEED                                 ; 6            ; Untyped             ;
; DEVICE_FAMILY                                  ; Cyclone IV E ; Untyped             ;
; CARRY_CHAIN                                    ; MANUAL       ; Untyped             ;
; APEX20K_TECHNOLOGY_MAPPER                      ; LUT          ; TECH_MAPPER_APEX20K ;
; DEDICATED_MULTIPLIER_CIRCUITRY                 ; AUTO         ; Untyped             ;
; DEDICATED_MULTIPLIER_MIN_INPUT_WIDTH_FOR_AUTO  ; 0            ; Untyped             ;
; DEDICATED_MULTIPLIER_MIN_OUTPUT_WIDTH_FOR_AUTO ; 0            ; Untyped             ;
; CBXI_PARAMETER                                 ; NOTHING      ; Untyped             ;
; INPUT_A_FIXED_VALUE                            ; Bx           ; Untyped             ;
; INPUT_B_FIXED_VALUE                            ; Bx           ; Untyped             ;
; USE_AHDL_IMPLEMENTATION                        ; OFF          ; Untyped             ;
+------------------------------------------------+--------------+---------------------+
Note: In order to hide this table in the UI and the text report file, please set the "Show Parameter Settings in Synthesis Report" option in "Analysis and Synthesis Settings -> More Settings" to "Off".


+--------------------------------------------------------+
; lpm_mult Parameter Settings by Entity Instance         ;
+---------------------------------------+----------------+
; Name                                  ; Value          ;
+---------------------------------------+----------------+
; Number of entity instances            ; 1              ;
; Entity Instance                       ; lpm_mult:Mult0 ;
;     -- LPM_WIDTHA                     ; 11             ;
;     -- LPM_WIDTHB                     ; 4              ;
;     -- LPM_WIDTHP                     ; 15             ;
;     -- LPM_REPRESENTATION             ; UNSIGNED       ;
;     -- INPUT_A_IS_CONSTANT            ; NO             ;
;     -- INPUT_B_IS_CONSTANT            ; YES            ;
;     -- USE_EAB                        ; OFF            ;
;     -- DEDICATED_MULTIPLIER_CIRCUITRY ; AUTO           ;
;     -- INPUT_A_FIXED_VALUE            ; Bx             ;
;     -- INPUT_B_FIXED_VALUE            ; Bx             ;
+---------------------------------------+----------------+


+-----------------------------------------------------+
; Post-Synthesis Netlist Statistics for Top Partition ;
+-----------------------+-----------------------------+
; Type                  ; Count                       ;
+-----------------------+-----------------------------+
; boundary_port         ; 25                          ;
; cycloneiii_ff         ; 12                          ;
;     plain             ; 12                          ;
; cycloneiii_lcell_comb ; 135                         ;
;     arith             ; 50                          ;
;         2 data inputs ; 7                           ;
;         3 data inputs ; 43                          ;
;     normal            ; 85                          ;
;         0 data inputs ; 1                           ;
;         1 data inputs ; 1                           ;
;         2 data inputs ; 23                          ;
;         3 data inputs ; 23                          ;
;         4 data inputs ; 37                          ;
;                       ;                             ;
; Max LUT depth         ; 11.10                       ;
; Average LUT depth     ; 8.72                        ;
+-----------------------+-----------------------------+


+-------------------------------+
; Elapsed Time Per Partition    ;
+----------------+--------------+
; Partition Name ; Elapsed Time ;
+----------------+--------------+
; Top            ; 00:00:01     ;
+----------------+--------------+


+-------------------------------+
; Analysis & Synthesis Messages ;
+-------------------------------+
Info: *******************************************************************
Info: Running Quartus Prime Analysis & Synthesis
    Info: Version 20.1.1 Build 720 11/11/2020 SJ Lite Edition
    Info: Processing started: Mon Apr 26 15:38:36 2021
Info: Command: quartus_map --read_settings_files=on --write_settings_files=off sigmoid_taylor -c sigmoid_taylor
Warning (18236): Number of processors has not been specified which may cause overloading on shared machines.  Set the global assignment NUM_PARALLEL_PROCESSORS in your QSF to an appropriate value for best performance.
Info (20030): Parallel compilation is enabled and will use 4 of the 4 processors detected
Info (12021): Found 1 design units, including 1 entities, in source file /home/daniel/Documents/GitHub/sigmoid_taylor/hdl/sigmoid_taylor.sv
    Info (12023): Found entity 1: sigmoid_taylor File: /home/daniel/Documents/GitHub/sigmoid_taylor/hdl/sigmoid_taylor.sv Line: 5
Info (12127): Elaborating entity "sigmoid_taylor" for the top level hierarchy
Warning (10036): Verilog HDL or VHDL warning at sigmoid_taylor.sv(14): object "phi_xi" assigned a value but never read File: /home/daniel/Documents/GitHub/sigmoid_taylor/hdl/sigmoid_taylor.sv Line: 14
Warning (10230): Verilog HDL assignment warning at sigmoid_taylor.sv(30): truncated value with size 32 to match size of target (12) File: /home/daniel/Documents/GitHub/sigmoid_taylor/hdl/sigmoid_taylor.sv Line: 30
Warning (10230): Verilog HDL assignment warning at sigmoid_taylor.sv(35): truncated value with size 16 to match size of target (12) File: /home/daniel/Documents/GitHub/sigmoid_taylor/hdl/sigmoid_taylor.sv Line: 35
Warning (10240): Verilog HDL Always Construct warning at sigmoid_taylor.sv(64): inferring latch(es) for variable "W", which holds its previous value in one or more paths through the always construct File: /home/daniel/Documents/GitHub/sigmoid_taylor/hdl/sigmoid_taylor.sv Line: 64
Warning (10240): Verilog HDL Always Construct warning at sigmoid_taylor.sv(64): inferring latch(es) for variable "V", which holds its previous value in one or more paths through the always construct File: /home/daniel/Documents/GitHub/sigmoid_taylor/hdl/sigmoid_taylor.sv Line: 64
Warning (10230): Verilog HDL assignment warning at sigmoid_taylor.sv(125): truncated value with size 32 to match size of target (11) File: /home/daniel/Documents/GitHub/sigmoid_taylor/hdl/sigmoid_taylor.sv Line: 125
Info (10041): Inferred latch for "V[0]" at sigmoid_taylor.sv(64) File: /home/daniel/Documents/GitHub/sigmoid_taylor/hdl/sigmoid_taylor.sv Line: 64
Info (10041): Inferred latch for "V[1]" at sigmoid_taylor.sv(64) File: /home/daniel/Documents/GitHub/sigmoid_taylor/hdl/sigmoid_taylor.sv Line: 64
Info (10041): Inferred latch for "V[2]" at sigmoid_taylor.sv(64) File: /home/daniel/Documents/GitHub/sigmoid_taylor/hdl/sigmoid_taylor.sv Line: 64
Info (10041): Inferred latch for "V[3]" at sigmoid_taylor.sv(64) File: /home/daniel/Documents/GitHub/sigmoid_taylor/hdl/sigmoid_taylor.sv Line: 64
Info (10041): Inferred latch for "V[4]" at sigmoid_taylor.sv(64) File: /home/daniel/Documents/GitHub/sigmoid_taylor/hdl/sigmoid_taylor.sv Line: 64
Info (10041): Inferred latch for "V[5]" at sigmoid_taylor.sv(64) File: /home/daniel/Documents/GitHub/sigmoid_taylor/hdl/sigmoid_taylor.sv Line: 64
Info (10041): Inferred latch for "V[6]" at sigmoid_taylor.sv(64) File: /home/daniel/Documents/GitHub/sigmoid_taylor/hdl/sigmoid_taylor.sv Line: 64
Info (10041): Inferred latch for "V[7]" at sigmoid_taylor.sv(64) File: /home/daniel/Documents/GitHub/sigmoid_taylor/hdl/sigmoid_taylor.sv Line: 64
Info (10041): Inferred latch for "V[8]" at sigmoid_taylor.sv(64) File: /home/daniel/Documents/GitHub/sigmoid_taylor/hdl/sigmoid_taylor.sv Line: 64
Info (10041): Inferred latch for "V[9]" at sigmoid_taylor.sv(64) File: /home/daniel/Documents/GitHub/sigmoid_taylor/hdl/sigmoid_taylor.sv Line: 64
Info (10041): Inferred latch for "V[10]" at sigmoid_taylor.sv(64) File: /home/daniel/Documents/GitHub/sigmoid_taylor/hdl/sigmoid_taylor.sv Line: 64
Info (10041): Inferred latch for "V[11]" at sigmoid_taylor.sv(64) File: /home/daniel/Documents/GitHub/sigmoid_taylor/hdl/sigmoid_taylor.sv Line: 64
Info (10041): Inferred latch for "V[12]" at sigmoid_taylor.sv(64) File: /home/daniel/Documents/GitHub/sigmoid_taylor/hdl/sigmoid_taylor.sv Line: 64
Info (10041): Inferred latch for "V[13]" at sigmoid_taylor.sv(64) File: /home/daniel/Documents/GitHub/sigmoid_taylor/hdl/sigmoid_taylor.sv Line: 64
Info (10041): Inferred latch for "V[14]" at sigmoid_taylor.sv(64) File: /home/daniel/Documents/GitHub/sigmoid_taylor/hdl/sigmoid_taylor.sv Line: 64
Info (10041): Inferred latch for "V[15]" at sigmoid_taylor.sv(64) File: /home/daniel/Documents/GitHub/sigmoid_taylor/hdl/sigmoid_taylor.sv Line: 64
Info (10041): Inferred latch for "W[0]" at sigmoid_taylor.sv(64) File: /home/daniel/Documents/GitHub/sigmoid_taylor/hdl/sigmoid_taylor.sv Line: 64
Info (10041): Inferred latch for "W[1]" at sigmoid_taylor.sv(64) File: /home/daniel/Documents/GitHub/sigmoid_taylor/hdl/sigmoid_taylor.sv Line: 64
Info (10041): Inferred latch for "W[2]" at sigmoid_taylor.sv(64) File: /home/daniel/Documents/GitHub/sigmoid_taylor/hdl/sigmoid_taylor.sv Line: 64
Info (10041): Inferred latch for "W[3]" at sigmoid_taylor.sv(64) File: /home/daniel/Documents/GitHub/sigmoid_taylor/hdl/sigmoid_taylor.sv Line: 64
Info (10041): Inferred latch for "W[4]" at sigmoid_taylor.sv(64) File: /home/daniel/Documents/GitHub/sigmoid_taylor/hdl/sigmoid_taylor.sv Line: 64
Info (10041): Inferred latch for "W[5]" at sigmoid_taylor.sv(64) File: /home/daniel/Documents/GitHub/sigmoid_taylor/hdl/sigmoid_taylor.sv Line: 64
Info (10041): Inferred latch for "W[6]" at sigmoid_taylor.sv(64) File: /home/daniel/Documents/GitHub/sigmoid_taylor/hdl/sigmoid_taylor.sv Line: 64
Info (10041): Inferred latch for "W[7]" at sigmoid_taylor.sv(64) File: /home/daniel/Documents/GitHub/sigmoid_taylor/hdl/sigmoid_taylor.sv Line: 64
Info (10041): Inferred latch for "W[8]" at sigmoid_taylor.sv(64) File: /home/daniel/Documents/GitHub/sigmoid_taylor/hdl/sigmoid_taylor.sv Line: 64
Info (10041): Inferred latch for "W[9]" at sigmoid_taylor.sv(64) File: /home/daniel/Documents/GitHub/sigmoid_taylor/hdl/sigmoid_taylor.sv Line: 64
Info (10041): Inferred latch for "W[10]" at sigmoid_taylor.sv(64) File: /home/daniel/Documents/GitHub/sigmoid_taylor/hdl/sigmoid_taylor.sv Line: 64
Info (10041): Inferred latch for "W[11]" at sigmoid_taylor.sv(64) File: /home/daniel/Documents/GitHub/sigmoid_taylor/hdl/sigmoid_taylor.sv Line: 64
Info (10041): Inferred latch for "W[12]" at sigmoid_taylor.sv(64) File: /home/daniel/Documents/GitHub/sigmoid_taylor/hdl/sigmoid_taylor.sv Line: 64
Info (10041): Inferred latch for "W[13]" at sigmoid_taylor.sv(64) File: /home/daniel/Documents/GitHub/sigmoid_taylor/hdl/sigmoid_taylor.sv Line: 64
Info (10041): Inferred latch for "W[14]" at sigmoid_taylor.sv(64) File: /home/daniel/Documents/GitHub/sigmoid_taylor/hdl/sigmoid_taylor.sv Line: 64
Info (10041): Inferred latch for "W[15]" at sigmoid_taylor.sv(64) File: /home/daniel/Documents/GitHub/sigmoid_taylor/hdl/sigmoid_taylor.sv Line: 64
Info (278001): Inferred 1 megafunctions from design logic
    Info (278003): Inferred multiplier megafunction ("lpm_mult") from the following logic: "Mult0" File: /home/daniel/Documents/GitHub/sigmoid_taylor/hdl/sigmoid_taylor.sv Line: 114
Info (12130): Elaborated megafunction instantiation "lpm_mult:Mult0" File: /home/daniel/Documents/GitHub/sigmoid_taylor/hdl/sigmoid_taylor.sv Line: 114
Info (12133): Instantiated megafunction "lpm_mult:Mult0" with the following parameter: File: /home/daniel/Documents/GitHub/sigmoid_taylor/hdl/sigmoid_taylor.sv Line: 114
    Info (12134): Parameter "LPM_WIDTHA" = "11"
    Info (12134): Parameter "LPM_WIDTHB" = "4"
    Info (12134): Parameter "LPM_WIDTHP" = "15"
    Info (12134): Parameter "LPM_WIDTHR" = "15"
    Info (12134): Parameter "LPM_WIDTHS" = "1"
    Info (12134): Parameter "LPM_REPRESENTATION" = "UNSIGNED"
    Info (12134): Parameter "INPUT_A_IS_CONSTANT" = "NO"
    Info (12134): Parameter "INPUT_B_IS_CONSTANT" = "YES"
    Info (12134): Parameter "MAXIMIZE_SPEED" = "6"
Info (12131): Elaborated megafunction instantiation "lpm_mult:Mult0|multcore:mult_core", which is child of megafunction instantiation "lpm_mult:Mult0" File: /home/daniel/intelFPGA_lite/20.1/quartus/libraries/megafunctions/lpm_mult.tdf Line: 309
Info (12131): Elaborated megafunction instantiation "lpm_mult:Mult0|multcore:mult_core|mpar_add:padder", which is child of megafunction instantiation "lpm_mult:Mult0" File: /home/daniel/intelFPGA_lite/20.1/quartus/libraries/megafunctions/multcore.tdf Line: 229
Info (12131): Elaborated megafunction instantiation "lpm_mult:Mult0|multcore:mult_core|mpar_add:padder|lpm_add_sub:adder[0]", which is child of megafunction instantiation "lpm_mult:Mult0" File: /home/daniel/intelFPGA_lite/20.1/quartus/libraries/megafunctions/mpar_add.tdf Line: 78
Info (12021): Found 1 design units, including 1 entities, in source file db/add_sub_afh.tdf
    Info (12023): Found entity 1: add_sub_afh File: /home/daniel/Documents/GitHub/sigmoid_taylor/synthesis/db/add_sub_afh.tdf Line: 23
Info (12131): Elaborated megafunction instantiation "lpm_mult:Mult0|multcore:mult_core|mpar_add:padder|mpar_add:sub_par_add", which is child of megafunction instantiation "lpm_mult:Mult0" File: /home/daniel/intelFPGA_lite/20.1/quartus/libraries/megafunctions/mpar_add.tdf Line: 138
Info (12131): Elaborated megafunction instantiation "lpm_mult:Mult0|multcore:mult_core|mpar_add:padder|mpar_add:sub_par_add|lpm_add_sub:adder[0]", which is child of megafunction instantiation "lpm_mult:Mult0" File: /home/daniel/intelFPGA_lite/20.1/quartus/libraries/megafunctions/mpar_add.tdf Line: 78
Info (12021): Found 1 design units, including 1 entities, in source file db/add_sub_lgh.tdf
    Info (12023): Found entity 1: add_sub_lgh File: /home/daniel/Documents/GitHub/sigmoid_taylor/synthesis/db/add_sub_lgh.tdf Line: 23
Info (12131): Elaborated megafunction instantiation "lpm_mult:Mult0|altshift:external_latency_ffs", which is child of megafunction instantiation "lpm_mult:Mult0" File: /home/daniel/intelFPGA_lite/20.1/quartus/libraries/megafunctions/lpm_mult.tdf Line: 352
Warning (13012): Latch W[0] has unsafe behavior File: /home/daniel/Documents/GitHub/sigmoid_taylor/hdl/sigmoid_taylor.sv Line: 64
    Warning (13013): Ports D and ENA on the latch are fed by the same signal lpm_mult:Mult0|multcore:mult_core|mpar_add:padder|mpar_add:sub_par_add|lpm_add_sub:adder[0]|add_sub_lgh:auto_generated|op_1~synth
Warning (13012): Latch V[0] has unsafe behavior File: /home/daniel/Documents/GitHub/sigmoid_taylor/hdl/sigmoid_taylor.sv Line: 64
    Warning (13013): Ports D and ENA on the latch are fed by the same signal lpm_mult:Mult0|multcore:mult_core|mpar_add:padder|mpar_add:sub_par_add|lpm_add_sub:adder[0]|add_sub_lgh:auto_generated|op_1~synth
Warning (13012): Latch W[1] has unsafe behavior File: /home/daniel/Documents/GitHub/sigmoid_taylor/hdl/sigmoid_taylor.sv Line: 64
    Warning (13013): Ports D and ENA on the latch are fed by the same signal lpm_mult:Mult0|multcore:mult_core|mpar_add:padder|mpar_add:sub_par_add|lpm_add_sub:adder[0]|add_sub_lgh:auto_generated|op_1~synth
Warning (13012): Latch V[1] has unsafe behavior File: /home/daniel/Documents/GitHub/sigmoid_taylor/hdl/sigmoid_taylor.sv Line: 64
    Warning (13013): Ports D and ENA on the latch are fed by the same signal lpm_mult:Mult0|multcore:mult_core|mpar_add:padder|mpar_add:sub_par_add|lpm_add_sub:adder[0]|add_sub_lgh:auto_generated|op_1~synth
Warning (13012): Latch W[2] has unsafe behavior File: /home/daniel/Documents/GitHub/sigmoid_taylor/hdl/sigmoid_taylor.sv Line: 64
    Warning (13013): Ports D and ENA on the latch are fed by the same signal lpm_mult:Mult0|multcore:mult_core|mpar_add:padder|mpar_add:sub_par_add|lpm_add_sub:adder[0]|add_sub_lgh:auto_generated|op_1~synth
Warning (13012): Latch V[2] has unsafe behavior File: /home/daniel/Documents/GitHub/sigmoid_taylor/hdl/sigmoid_taylor.sv Line: 64
    Warning (13013): Ports D and ENA on the latch are fed by the same signal lpm_mult:Mult0|multcore:mult_core|mpar_add:padder|mpar_add:sub_par_add|lpm_add_sub:adder[0]|add_sub_lgh:auto_generated|op_1~synth
Warning (13012): Latch W[3] has unsafe behavior File: /home/daniel/Documents/GitHub/sigmoid_taylor/hdl/sigmoid_taylor.sv Line: 64
    Warning (13013): Ports D and ENA on the latch are fed by the same signal lpm_mult:Mult0|multcore:mult_core|mpar_add:padder|mpar_add:sub_par_add|lpm_add_sub:adder[0]|add_sub_lgh:auto_generated|op_1~synth
Warning (13012): Latch V[3] has unsafe behavior File: /home/daniel/Documents/GitHub/sigmoid_taylor/hdl/sigmoid_taylor.sv Line: 64
    Warning (13013): Ports D and ENA on the latch are fed by the same signal lpm_mult:Mult0|multcore:mult_core|mpar_add:padder|mpar_add:sub_par_add|lpm_add_sub:adder[0]|add_sub_lgh:auto_generated|op_1~synth
Warning (13012): Latch W[4] has unsafe behavior File: /home/daniel/Documents/GitHub/sigmoid_taylor/hdl/sigmoid_taylor.sv Line: 64
    Warning (13013): Ports D and ENA on the latch are fed by the same signal lpm_mult:Mult0|multcore:mult_core|mpar_add:padder|mpar_add:sub_par_add|lpm_add_sub:adder[0]|add_sub_lgh:auto_generated|op_1~synth
Warning (13012): Latch V[4] has unsafe behavior File: /home/daniel/Documents/GitHub/sigmoid_taylor/hdl/sigmoid_taylor.sv Line: 64
    Warning (13013): Ports D and ENA on the latch are fed by the same signal lpm_mult:Mult0|multcore:mult_core|mpar_add:padder|mpar_add:sub_par_add|lpm_add_sub:adder[0]|add_sub_lgh:auto_generated|op_1~synth
Warning (13012): Latch W[5] has unsafe behavior File: /home/daniel/Documents/GitHub/sigmoid_taylor/hdl/sigmoid_taylor.sv Line: 64
    Warning (13013): Ports D and ENA on the latch are fed by the same signal lpm_mult:Mult0|multcore:mult_core|mpar_add:padder|mpar_add:sub_par_add|lpm_add_sub:adder[0]|add_sub_lgh:auto_generated|op_1~synth
Warning (13012): Latch V[5] has unsafe behavior File: /home/daniel/Documents/GitHub/sigmoid_taylor/hdl/sigmoid_taylor.sv Line: 64
    Warning (13013): Ports D and ENA on the latch are fed by the same signal lpm_mult:Mult0|multcore:mult_core|mpar_add:padder|mpar_add:sub_par_add|lpm_add_sub:adder[0]|add_sub_lgh:auto_generated|op_1~synth
Warning (13012): Latch V[6] has unsafe behavior File: /home/daniel/Documents/GitHub/sigmoid_taylor/hdl/sigmoid_taylor.sv Line: 64
    Warning (13013): Ports D and ENA on the latch are fed by the same signal lpm_mult:Mult0|multcore:mult_core|mpar_add:padder|mpar_add:sub_par_add|lpm_add_sub:adder[0]|add_sub_lgh:auto_generated|op_1~synth
Warning (13012): Latch V[7] has unsafe behavior File: /home/daniel/Documents/GitHub/sigmoid_taylor/hdl/sigmoid_taylor.sv Line: 64
    Warning (13013): Ports D and ENA on the latch are fed by the same signal lpm_mult:Mult0|multcore:mult_core|mpar_add:padder|mpar_add:sub_par_add|lpm_add_sub:adder[0]|add_sub_lgh:auto_generated|op_1~synth
Info (286030): Timing-Driven Synthesis is running
Info (16010): Generating hard_block partition "hard_block:auto_generated_inst"
    Info (16011): Adding 0 node(s), including 0 DDIO, 0 PLL, 0 transceiver and 0 LCELL
Info (21057): Implemented 160 device resources after synthesis - the final resource count might be different
    Info (21058): Implemented 13 input pins
    Info (21059): Implemented 12 output pins
    Info (21061): Implemented 135 logic cells
Info: Quartus Prime Analysis & Synthesis was successful. 0 errors, 35 warnings
    Info: Peak virtual memory: 617 megabytes
    Info: Processing ended: Mon Apr 26 15:38:47 2021
    Info: Elapsed time: 00:00:11
    Info: Total CPU time (on all processors): 00:00:28


